mode: set
github.com/LexusEgorov/api-calculator/internal/app/app.go:20.48,31.2 5 0
github.com/LexusEgorov/api-calculator/internal/app/app.go:33.20,36.2 2 0
github.com/LexusEgorov/api-calculator/internal/app/app.go:38.21,47.12 7 0
github.com/LexusEgorov/api-calculator/internal/app/app.go:47.12,49.3 1 0
github.com/LexusEgorov/api-calculator/internal/app/app.go:51.2,51.9 1 0
github.com/LexusEgorov/api-calculator/internal/app/app.go:52.23,53.17 1 0
github.com/LexusEgorov/api-calculator/internal/app/app.go:53.17,55.4 1 0
github.com/LexusEgorov/api-calculator/internal/app/app.go:56.3,56.51 1 0
github.com/LexusEgorov/api-calculator/internal/app/app.go:58.20,59.38 1 0
github.com/LexusEgorov/api-calculator/cmd/calculator/main.go:26.13,29.16 2 0
github.com/LexusEgorov/api-calculator/cmd/calculator/main.go:29.16,32.3 2 0
github.com/LexusEgorov/api-calculator/cmd/calculator/main.go:34.2,44.12 8 0
github.com/LexusEgorov/api-calculator/docs/docs.go:245.13,247.2 1 0
github.com/LexusEgorov/api-calculator/internal/config/config.go:20.29,23.16 2 0
github.com/LexusEgorov/api-calculator/internal/config/config.go:23.16,25.3 1 0
github.com/LexusEgorov/api-calculator/internal/config/config.go:27.2,27.54 1 0
github.com/LexusEgorov/api-calculator/internal/config/config.go:27.54,29.3 1 0
github.com/LexusEgorov/api-calculator/internal/config/config.go:31.2,33.61 2 0
github.com/LexusEgorov/api-calculator/internal/config/config.go:33.61,35.3 1 0
github.com/LexusEgorov/api-calculator/internal/config/config.go:37.2,37.18 1 0
github.com/LexusEgorov/api-calculator/internal/config/config.go:40.40,46.16 4 0
github.com/LexusEgorov/api-calculator/internal/config/config.go:46.16,49.17 2 0
github.com/LexusEgorov/api-calculator/internal/config/config.go:49.17,51.4 1 0
github.com/LexusEgorov/api-calculator/internal/config/config.go:54.2,54.18 1 0
github.com/LexusEgorov/api-calculator/internal/clevercalc/calculator.go:19.45,25.2 1 0
github.com/LexusEgorov/api-calculator/internal/clevercalc/calculator.go:27.60,29.16 2 0
github.com/LexusEgorov/api-calculator/internal/clevercalc/calculator.go:29.16,32.3 2 0
github.com/LexusEgorov/api-calculator/internal/clevercalc/calculator.go:34.2,36.16 2 0
github.com/LexusEgorov/api-calculator/internal/clevercalc/calculator.go:36.16,39.3 2 0
github.com/LexusEgorov/api-calculator/internal/clevercalc/calculator.go:41.2,41.20 1 0
github.com/LexusEgorov/api-calculator/internal/clevercalc/calculator.go:45.63,48.31 2 0
github.com/LexusEgorov/api-calculator/internal/clevercalc/calculator.go:48.31,50.53 1 0
github.com/LexusEgorov/api-calculator/internal/clevercalc/calculator.go:50.53,52.12 2 0
github.com/LexusEgorov/api-calculator/internal/clevercalc/calculator.go:55.3,57.17 2 0
github.com/LexusEgorov/api-calculator/internal/clevercalc/calculator.go:57.17,59.4 1 0
github.com/LexusEgorov/api-calculator/internal/clevercalc/calculator.go:61.3,63.17 2 0
github.com/LexusEgorov/api-calculator/internal/clevercalc/calculator.go:63.17,64.33 1 0
github.com/LexusEgorov/api-calculator/internal/clevercalc/calculator.go:64.33,66.5 1 0
github.com/LexusEgorov/api-calculator/internal/clevercalc/calculator.go:68.4,68.12 1 0
github.com/LexusEgorov/api-calculator/internal/clevercalc/calculator.go:72.3,74.17 2 0
github.com/LexusEgorov/api-calculator/internal/clevercalc/calculator.go:74.17,76.4 1 0
github.com/LexusEgorov/api-calculator/internal/clevercalc/calculator.go:79.3,79.41 1 0
github.com/LexusEgorov/api-calculator/internal/clevercalc/calculator.go:82.2,85.41 2 0
github.com/LexusEgorov/api-calculator/internal/clevercalc/calculator.go:85.41,87.3 1 0
github.com/LexusEgorov/api-calculator/internal/clevercalc/calculator.go:89.2,89.17 1 0
github.com/LexusEgorov/api-calculator/internal/clevercalc/calculator.go:93.63,94.19 1 0
github.com/LexusEgorov/api-calculator/internal/clevercalc/calculator.go:95.28,96.20 1 0
github.com/LexusEgorov/api-calculator/internal/clevercalc/calculator.go:97.28,98.20 1 0
github.com/LexusEgorov/api-calculator/internal/clevercalc/calculator.go:99.29,100.20 1 0
github.com/LexusEgorov/api-calculator/internal/clevercalc/calculator.go:101.28,102.13 1 0
github.com/LexusEgorov/api-calculator/internal/clevercalc/calculator.go:102.13,104.4 1 0
github.com/LexusEgorov/api-calculator/internal/clevercalc/calculator.go:106.3,106.20 1 0
github.com/LexusEgorov/api-calculator/internal/clevercalc/calculator.go:107.28,108.29 1 0
github.com/LexusEgorov/api-calculator/internal/clevercalc/calculator.go:109.10,110.50 1 0
github.com/LexusEgorov/api-calculator/internal/clevercalc/calculator.go:115.43,118.16 2 0
github.com/LexusEgorov/api-calculator/internal/clevercalc/calculator.go:118.16,120.3 1 0
github.com/LexusEgorov/api-calculator/internal/clevercalc/calculator.go:122.2,124.16 2 0
github.com/LexusEgorov/api-calculator/internal/clevercalc/calculator.go:124.16,126.3 1 0
github.com/LexusEgorov/api-calculator/internal/clevercalc/calculator.go:128.2,128.17 1 0
github.com/LexusEgorov/api-calculator/internal/clevercalc/parser.go:22.26,26.2 1 0
github.com/LexusEgorov/api-calculator/internal/clevercalc/parser.go:29.55,37.29 5 0
github.com/LexusEgorov/api-calculator/internal/clevercalc/parser.go:37.29,39.35 2 0
github.com/LexusEgorov/api-calculator/internal/clevercalc/parser.go:39.35,41.12 2 0
github.com/LexusEgorov/api-calculator/internal/clevercalc/parser.go:45.3,45.35 1 0
github.com/LexusEgorov/api-calculator/internal/clevercalc/parser.go:45.35,47.8 2 0
github.com/LexusEgorov/api-calculator/internal/clevercalc/parser.go:47.8,50.19 2 0
github.com/LexusEgorov/api-calculator/internal/clevercalc/parser.go:50.19,52.6 1 0
github.com/LexusEgorov/api-calculator/internal/clevercalc/parser.go:54.5,54.39 1 0
github.com/LexusEgorov/api-calculator/internal/clevercalc/parser.go:54.39,55.11 1 0
github.com/LexusEgorov/api-calculator/internal/clevercalc/parser.go:58.5,58.44 1 0
github.com/LexusEgorov/api-calculator/internal/clevercalc/parser.go:61.4,61.12 1 0
github.com/LexusEgorov/api-calculator/internal/clevercalc/parser.go:64.3,67.33 2 0
github.com/LexusEgorov/api-calculator/internal/clevercalc/parser.go:67.33,69.12 2 0
github.com/LexusEgorov/api-calculator/internal/clevercalc/parser.go:73.3,79.34 3 0
github.com/LexusEgorov/api-calculator/internal/clevercalc/parser.go:79.34,81.4 1 0
github.com/LexusEgorov/api-calculator/internal/clevercalc/parser.go:84.3,84.26 1 0
github.com/LexusEgorov/api-calculator/internal/clevercalc/parser.go:87.2,90.6 2 0
github.com/LexusEgorov/api-calculator/internal/clevercalc/parser.go:90.6,93.37 2 0
github.com/LexusEgorov/api-calculator/internal/clevercalc/parser.go:93.37,95.4 1 0
github.com/LexusEgorov/api-calculator/internal/clevercalc/parser.go:97.3,97.17 1 0
github.com/LexusEgorov/api-calculator/internal/clevercalc/parser.go:97.17,98.9 1 0
github.com/LexusEgorov/api-calculator/internal/clevercalc/parser.go:101.3,101.42 1 0
github.com/LexusEgorov/api-calculator/internal/clevercalc/parser.go:104.2,104.20 1 0
github.com/LexusEgorov/api-calculator/internal/clevercalc/parser.go:108.46,113.39 2 0
github.com/LexusEgorov/api-calculator/internal/clevercalc/parser.go:113.39,115.28 2 0
github.com/LexusEgorov/api-calculator/internal/clevercalc/parser.go:115.28,117.4 1 0
github.com/LexusEgorov/api-calculator/internal/clevercalc/parser.go:119.3,119.39 1 0
github.com/LexusEgorov/api-calculator/internal/clevercalc/parser.go:122.2,122.14 1 0
github.com/LexusEgorov/api-calculator/internal/clevercalc/parser.go:126.55,127.16 1 0
github.com/LexusEgorov/api-calculator/internal/clevercalc/parser.go:127.16,129.3 1 0
github.com/LexusEgorov/api-calculator/internal/clevercalc/parser.go:131.2,131.45 1 0
github.com/LexusEgorov/api-calculator/internal/clevercalc/parser.go:131.45,133.3 1 0
github.com/LexusEgorov/api-calculator/internal/clevercalc/parser.go:136.2,136.19 1 0
github.com/LexusEgorov/api-calculator/internal/clevercalc/parser.go:136.19,138.3 1 0
github.com/LexusEgorov/api-calculator/internal/clevercalc/parser.go:140.2,140.45 1 0
github.com/LexusEgorov/api-calculator/internal/clevercalc/parser.go:140.45,142.3 1 0
github.com/LexusEgorov/api-calculator/internal/clevercalc/parser.go:145.2,146.33 2 0
github.com/LexusEgorov/api-calculator/internal/clevercalc/parser.go:146.33,149.60 2 0
github.com/LexusEgorov/api-calculator/internal/clevercalc/parser.go:149.60,151.12 2 0
github.com/LexusEgorov/api-calculator/internal/clevercalc/parser.go:154.3,155.14 2 0
github.com/LexusEgorov/api-calculator/internal/clevercalc/parser.go:159.2,160.13 2 0
github.com/LexusEgorov/api-calculator/internal/clevercalc/parser.go:164.60,167.6 2 0
github.com/LexusEgorov/api-calculator/internal/clevercalc/parser.go:167.6,170.95 2 0
github.com/LexusEgorov/api-calculator/internal/clevercalc/parser.go:170.95,172.4 1 0
github.com/LexusEgorov/api-calculator/internal/clevercalc/parser.go:174.3,175.40 2 0
github.com/LexusEgorov/api-calculator/internal/clevercalc/parser.go:180.49,182.18 2 0
github.com/LexusEgorov/api-calculator/internal/clevercalc/parser.go:182.18,184.3 1 0
github.com/LexusEgorov/api-calculator/internal/clevercalc/parser.go:186.2,187.11 2 0
github.com/LexusEgorov/api-calculator/internal/clevercalc/parser.go:191.38,193.2 1 0
github.com/LexusEgorov/api-calculator/internal/clevercalc/priority.go:11.30,25.2 9 0
github.com/LexusEgorov/api-calculator/internal/clevercalc/priority.go:27.44,30.14 2 0
github.com/LexusEgorov/api-calculator/internal/clevercalc/priority.go:30.14,32.3 1 0
github.com/LexusEgorov/api-calculator/internal/clevercalc/priority.go:34.2,34.13 1 0
github.com/LexusEgorov/api-calculator/internal/clevercalc/stack.go:14.35,17.2 2 0
github.com/LexusEgorov/api-calculator/internal/clevercalc/stack.go:19.39,20.17 1 0
github.com/LexusEgorov/api-calculator/internal/clevercalc/stack.go:20.17,22.3 1 0
github.com/LexusEgorov/api-calculator/internal/clevercalc/stack.go:24.2,28.17 4 0
github.com/LexusEgorov/api-calculator/internal/clevercalc/stack.go:31.39,32.17 1 0
github.com/LexusEgorov/api-calculator/internal/clevercalc/stack.go:32.17,34.3 1 0
github.com/LexusEgorov/api-calculator/internal/clevercalc/stack.go:36.2,36.30 1 0
github.com/LexusEgorov/api-calculator/internal/clevercalc/stack.go:39.27,41.2 1 0
github.com/LexusEgorov/api-calculator/internal/logger/logger.go:5.44,8.20 2 0
github.com/LexusEgorov/api-calculator/internal/logger/logger.go:9.15,14.5 2 0
github.com/LexusEgorov/api-calculator/internal/logger/logger.go:15.20,16.14 1 0
github.com/LexusEgorov/api-calculator/internal/logger/logger.go:17.10,19.47 2 0
github.com/LexusEgorov/api-calculator/internal/logger/logger.go:22.2,22.15 1 0
github.com/LexusEgorov/api-calculator/internal/models/errors.go:13.47,15.2 1 0
github.com/LexusEgorov/api-calculator/internal/models/errors.go:17.39,19.2 1 0
github.com/LexusEgorov/api-calculator/internal/middleware/middleware.go:14.49,18.2 1 0
github.com/LexusEgorov/api-calculator/internal/middleware/middleware.go:20.77,21.38 1 0
github.com/LexusEgorov/api-calculator/internal/middleware/middleware.go:21.38,25.33 4 0
github.com/LexusEgorov/api-calculator/internal/middleware/middleware.go:25.33,27.4 1 0
github.com/LexusEgorov/api-calculator/internal/middleware/middleware.go:27.9,29.4 1 0
github.com/LexusEgorov/api-calculator/internal/middleware/middleware.go:31.3,31.13 1 0
github.com/LexusEgorov/api-calculator/internal/middleware/middleware.go:35.74,36.38 1 0
github.com/LexusEgorov/api-calculator/internal/middleware/middleware.go:36.38,39.16 2 0
github.com/LexusEgorov/api-calculator/internal/middleware/middleware.go:39.16,42.4 2 0
github.com/LexusEgorov/api-calculator/internal/middleware/middleware.go:44.3,44.19 1 0
github.com/LexusEgorov/api-calculator/internal/middleware/middleware.go:48.77,49.38 1 0
github.com/LexusEgorov/api-calculator/internal/middleware/middleware.go:49.38,50.16 1 0
github.com/LexusEgorov/api-calculator/internal/middleware/middleware.go:50.16,51.32 1 0
github.com/LexusEgorov/api-calculator/internal/middleware/middleware.go:51.32,54.5 2 0
github.com/LexusEgorov/api-calculator/internal/middleware/middleware.go:57.3,57.19 1 0
github.com/LexusEgorov/api-calculator/internal/server/server.go:30.72,49.2 9 0
github.com/LexusEgorov/api-calculator/internal/server/server.go:50.23,52.76 2 0
github.com/LexusEgorov/api-calculator/internal/server/server.go:52.76,53.44 1 0
github.com/LexusEgorov/api-calculator/internal/server/server.go:53.44,55.4 1 0
github.com/LexusEgorov/api-calculator/internal/server/server.go:59.49,63.16 3 0
github.com/LexusEgorov/api-calculator/internal/server/server.go:63.16,65.3 1 0
github.com/LexusEgorov/api-calculator/internal/server/server.go:67.2,67.12 1 0
github.com/LexusEgorov/api-calculator/internal/calculator/calculator.go:3.39,6.27 2 1
github.com/LexusEgorov/api-calculator/internal/calculator/calculator.go:6.27,8.3 1 1
github.com/LexusEgorov/api-calculator/internal/calculator/calculator.go:10.2,10.12 1 1
github.com/LexusEgorov/api-calculator/internal/calculator/calculator.go:13.40,16.27 2 1
github.com/LexusEgorov/api-calculator/internal/calculator/calculator.go:16.27,18.3 1 1
github.com/LexusEgorov/api-calculator/internal/calculator/calculator.go:20.2,20.13 1 1
github.com/LexusEgorov/api-calculator/internal/calculator/controller.go:31.90,38.2 1 1
github.com/LexusEgorov/api-calculator/internal/calculator/controller.go:40.89,43.16 2 1
github.com/LexusEgorov/api-calculator/internal/calculator/controller.go:43.16,47.3 2 0
github.com/LexusEgorov/api-calculator/internal/calculator/controller.go:49.2,51.16 2 1
github.com/LexusEgorov/api-calculator/internal/calculator/controller.go:51.16,54.3 2 1
github.com/LexusEgorov/api-calculator/internal/calculator/controller.go:56.2,66.16 4 1
github.com/LexusEgorov/api-calculator/internal/calculator/controller.go:66.16,68.3 1 0
github.com/LexusEgorov/api-calculator/internal/calculator/controller.go:70.2,72.25 2 1
github.com/LexusEgorov/api-calculator/internal/calculator/controller.go:75.90,78.16 2 1
github.com/LexusEgorov/api-calculator/internal/calculator/controller.go:78.16,82.3 2 0
github.com/LexusEgorov/api-calculator/internal/calculator/controller.go:84.2,86.16 2 1
github.com/LexusEgorov/api-calculator/internal/calculator/controller.go:86.16,89.3 2 0
github.com/LexusEgorov/api-calculator/internal/calculator/controller.go:91.2,101.16 4 1
github.com/LexusEgorov/api-calculator/internal/calculator/controller.go:101.16,103.3 1 0
github.com/LexusEgorov/api-calculator/internal/calculator/controller.go:105.2,107.25 2 1
github.com/LexusEgorov/api-calculator/internal/calculator/controller.go:110.95,113.16 2 1
github.com/LexusEgorov/api-calculator/internal/calculator/controller.go:113.16,117.3 2 0
github.com/LexusEgorov/api-calculator/internal/calculator/controller.go:119.2,121.16 2 1
github.com/LexusEgorov/api-calculator/internal/calculator/controller.go:121.16,123.3 1 1
github.com/LexusEgorov/api-calculator/internal/calculator/controller.go:125.2,133.16 3 1
github.com/LexusEgorov/api-calculator/internal/calculator/controller.go:133.16,135.3 1 0
github.com/LexusEgorov/api-calculator/internal/calculator/controller.go:137.2,139.25 2 1
github.com/LexusEgorov/api-calculator/internal/calculator/controller.go:142.65,144.2 1 0
github.com/LexusEgorov/api-calculator/internal/calculator/controller.go:146.70,150.40 3 1
github.com/LexusEgorov/api-calculator/internal/calculator/controller.go:150.40,153.17 2 1
github.com/LexusEgorov/api-calculator/internal/calculator/controller.go:153.17,156.4 2 1
github.com/LexusEgorov/api-calculator/internal/calculator/controller.go:158.3,158.27 1 1
github.com/LexusEgorov/api-calculator/internal/calculator/controller.go:161.2,161.18 1 1
github.com/LexusEgorov/api-calculator/internal/calculator/handler.go:18.78,23.2 1 0
github.com/LexusEgorov/api-calculator/internal/calculator/handler.go:35.56,39.16 3 0
github.com/LexusEgorov/api-calculator/internal/calculator/handler.go:39.16,42.3 2 0
github.com/LexusEgorov/api-calculator/internal/calculator/handler.go:44.2,46.16 2 0
github.com/LexusEgorov/api-calculator/internal/calculator/handler.go:46.16,49.3 2 0
github.com/LexusEgorov/api-calculator/internal/calculator/handler.go:51.2,51.37 1 0
github.com/LexusEgorov/api-calculator/internal/calculator/handler.go:64.57,68.16 3 0
github.com/LexusEgorov/api-calculator/internal/calculator/handler.go:68.16,71.3 2 0
github.com/LexusEgorov/api-calculator/internal/calculator/handler.go:73.2,75.16 2 0
github.com/LexusEgorov/api-calculator/internal/calculator/handler.go:75.16,78.3 2 0
github.com/LexusEgorov/api-calculator/internal/calculator/handler.go:80.2,80.37 1 0
github.com/LexusEgorov/api-calculator/internal/calculator/handler.go:93.62,97.16 3 0
github.com/LexusEgorov/api-calculator/internal/calculator/handler.go:97.16,100.3 2 0
github.com/LexusEgorov/api-calculator/internal/calculator/handler.go:102.2,104.16 2 0
github.com/LexusEgorov/api-calculator/internal/calculator/handler.go:104.16,107.3 2 0
github.com/LexusEgorov/api-calculator/internal/calculator/handler.go:109.2,109.37 1 0
github.com/LexusEgorov/api-calculator/internal/calculator/handler.go:120.60,124.2 2 0
github.com/LexusEgorov/api-calculator/internal/calculator/handler.go:126.73,127.15 1 0
github.com/LexusEgorov/api-calculator/internal/calculator/handler.go:127.15,130.17 2 0
github.com/LexusEgorov/api-calculator/internal/calculator/handler.go:130.17,132.4 1 0
github.com/LexusEgorov/api-calculator/internal/calculator/handler.go:134.2,136.16 2 0
github.com/LexusEgorov/api-calculator/internal/calculator/handler.go:136.16,139.3 2 0
github.com/LexusEgorov/api-calculator/internal/calculator/handler.go:141.2,145.16 3 0
github.com/LexusEgorov/api-calculator/internal/calculator/handler.go:145.16,148.3 2 0
github.com/LexusEgorov/api-calculator/internal/calculator/handler.go:150.2,150.24 1 0
github.com/LexusEgorov/api-calculator/internal/calculator/handler.go:153.67,159.2 2 0
github.com/LexusEgorov/api-calculator/internal/calculator/handler.go:161.73,163.2 1 0
github.com/LexusEgorov/api-calculator/internal/clevercalc/calculator.go:19.45,25.2 1 1
github.com/LexusEgorov/api-calculator/internal/clevercalc/calculator.go:27.60,29.16 2 1
github.com/LexusEgorov/api-calculator/internal/clevercalc/calculator.go:29.16,32.3 2 1
github.com/LexusEgorov/api-calculator/internal/clevercalc/calculator.go:34.2,36.16 2 1
github.com/LexusEgorov/api-calculator/internal/clevercalc/calculator.go:36.16,39.3 2 0
github.com/LexusEgorov/api-calculator/internal/clevercalc/calculator.go:41.2,41.20 1 1
github.com/LexusEgorov/api-calculator/internal/clevercalc/calculator.go:45.63,48.31 2 1
github.com/LexusEgorov/api-calculator/internal/clevercalc/calculator.go:48.31,50.53 1 1
github.com/LexusEgorov/api-calculator/internal/clevercalc/calculator.go:50.53,52.12 2 1
github.com/LexusEgorov/api-calculator/internal/clevercalc/calculator.go:55.3,57.17 2 1
github.com/LexusEgorov/api-calculator/internal/clevercalc/calculator.go:57.17,59.4 1 0
github.com/LexusEgorov/api-calculator/internal/clevercalc/calculator.go:61.3,63.17 2 1
github.com/LexusEgorov/api-calculator/internal/clevercalc/calculator.go:63.17,64.33 1 0
github.com/LexusEgorov/api-calculator/internal/clevercalc/calculator.go:64.33,66.5 1 0
github.com/LexusEgorov/api-calculator/internal/clevercalc/calculator.go:68.4,68.12 1 0
github.com/LexusEgorov/api-calculator/internal/clevercalc/calculator.go:72.3,74.17 2 1
github.com/LexusEgorov/api-calculator/internal/clevercalc/calculator.go:74.17,76.4 1 0
github.com/LexusEgorov/api-calculator/internal/clevercalc/calculator.go:79.3,79.41 1 1
github.com/LexusEgorov/api-calculator/internal/clevercalc/calculator.go:82.2,85.41 2 1
github.com/LexusEgorov/api-calculator/internal/clevercalc/calculator.go:85.41,87.3 1 0
github.com/LexusEgorov/api-calculator/internal/clevercalc/calculator.go:89.2,89.17 1 1
github.com/LexusEgorov/api-calculator/internal/clevercalc/calculator.go:93.63,94.19 1 1
github.com/LexusEgorov/api-calculator/internal/clevercalc/calculator.go:95.28,96.20 1 1
github.com/LexusEgorov/api-calculator/internal/clevercalc/calculator.go:97.28,98.20 1 1
github.com/LexusEgorov/api-calculator/internal/clevercalc/calculator.go:99.29,100.20 1 1
github.com/LexusEgorov/api-calculator/internal/clevercalc/calculator.go:101.28,102.13 1 0
github.com/LexusEgorov/api-calculator/internal/clevercalc/calculator.go:102.13,104.4 1 0
github.com/LexusEgorov/api-calculator/internal/clevercalc/calculator.go:106.3,106.20 1 0
github.com/LexusEgorov/api-calculator/internal/clevercalc/calculator.go:107.28,108.29 1 0
github.com/LexusEgorov/api-calculator/internal/clevercalc/calculator.go:109.10,110.50 1 0
github.com/LexusEgorov/api-calculator/internal/clevercalc/calculator.go:115.43,118.16 2 1
github.com/LexusEgorov/api-calculator/internal/clevercalc/calculator.go:118.16,120.3 1 0
github.com/LexusEgorov/api-calculator/internal/clevercalc/calculator.go:122.2,124.16 2 1
github.com/LexusEgorov/api-calculator/internal/clevercalc/calculator.go:124.16,126.3 1 0
github.com/LexusEgorov/api-calculator/internal/clevercalc/calculator.go:128.2,128.17 1 1
github.com/LexusEgorov/api-calculator/internal/clevercalc/parser.go:22.26,26.2 1 1
github.com/LexusEgorov/api-calculator/internal/clevercalc/parser.go:29.55,37.29 5 1
github.com/LexusEgorov/api-calculator/internal/clevercalc/parser.go:37.29,39.35 2 1
github.com/LexusEgorov/api-calculator/internal/clevercalc/parser.go:39.35,41.12 2 1
github.com/LexusEgorov/api-calculator/internal/clevercalc/parser.go:45.3,45.35 1 1
github.com/LexusEgorov/api-calculator/internal/clevercalc/parser.go:45.35,47.8 2 1
github.com/LexusEgorov/api-calculator/internal/clevercalc/parser.go:47.8,50.19 2 1
github.com/LexusEgorov/api-calculator/internal/clevercalc/parser.go:50.19,52.6 1 1
github.com/LexusEgorov/api-calculator/internal/clevercalc/parser.go:54.5,54.39 1 1
github.com/LexusEgorov/api-calculator/internal/clevercalc/parser.go:54.39,55.11 1 1
github.com/LexusEgorov/api-calculator/internal/clevercalc/parser.go:58.5,58.44 1 1
github.com/LexusEgorov/api-calculator/internal/clevercalc/parser.go:61.4,61.12 1 1
github.com/LexusEgorov/api-calculator/internal/clevercalc/parser.go:64.3,67.33 2 1
github.com/LexusEgorov/api-calculator/internal/clevercalc/parser.go:67.33,69.12 2 1
github.com/LexusEgorov/api-calculator/internal/clevercalc/parser.go:73.3,79.34 3 1
github.com/LexusEgorov/api-calculator/internal/clevercalc/parser.go:79.34,81.4 1 0
github.com/LexusEgorov/api-calculator/internal/clevercalc/parser.go:84.3,84.26 1 1
github.com/LexusEgorov/api-calculator/internal/clevercalc/parser.go:87.2,90.6 2 1
github.com/LexusEgorov/api-calculator/internal/clevercalc/parser.go:90.6,93.37 2 1
github.com/LexusEgorov/api-calculator/internal/clevercalc/parser.go:93.37,95.4 1 0
github.com/LexusEgorov/api-calculator/internal/clevercalc/parser.go:97.3,97.17 1 1
github.com/LexusEgorov/api-calculator/internal/clevercalc/parser.go:97.17,98.9 1 1
github.com/LexusEgorov/api-calculator/internal/clevercalc/parser.go:101.3,101.42 1 1
github.com/LexusEgorov/api-calculator/internal/clevercalc/parser.go:104.2,104.20 1 1
github.com/LexusEgorov/api-calculator/internal/clevercalc/parser.go:108.46,113.39 2 1
github.com/LexusEgorov/api-calculator/internal/clevercalc/parser.go:113.39,115.28 2 1
github.com/LexusEgorov/api-calculator/internal/clevercalc/parser.go:115.28,117.4 1 1
github.com/LexusEgorov/api-calculator/internal/clevercalc/parser.go:119.3,119.39 1 1
github.com/LexusEgorov/api-calculator/internal/clevercalc/parser.go:122.2,122.14 1 1
github.com/LexusEgorov/api-calculator/internal/clevercalc/parser.go:126.55,127.16 1 1
github.com/LexusEgorov/api-calculator/internal/clevercalc/parser.go:127.16,129.3 1 1
github.com/LexusEgorov/api-calculator/internal/clevercalc/parser.go:131.2,131.45 1 1
github.com/LexusEgorov/api-calculator/internal/clevercalc/parser.go:131.45,133.3 1 1
github.com/LexusEgorov/api-calculator/internal/clevercalc/parser.go:136.2,136.19 1 0
github.com/LexusEgorov/api-calculator/internal/clevercalc/parser.go:136.19,138.3 1 0
github.com/LexusEgorov/api-calculator/internal/clevercalc/parser.go:140.2,140.45 1 0
github.com/LexusEgorov/api-calculator/internal/clevercalc/parser.go:140.45,142.3 1 0
github.com/LexusEgorov/api-calculator/internal/clevercalc/parser.go:145.2,146.33 2 0
github.com/LexusEgorov/api-calculator/internal/clevercalc/parser.go:146.33,149.60 2 0
github.com/LexusEgorov/api-calculator/internal/clevercalc/parser.go:149.60,151.12 2 0
github.com/LexusEgorov/api-calculator/internal/clevercalc/parser.go:154.3,155.14 2 0
github.com/LexusEgorov/api-calculator/internal/clevercalc/parser.go:159.2,160.13 2 0
github.com/LexusEgorov/api-calculator/internal/clevercalc/parser.go:164.60,167.6 2 1
github.com/LexusEgorov/api-calculator/internal/clevercalc/parser.go:167.6,170.95 2 1
github.com/LexusEgorov/api-calculator/internal/clevercalc/parser.go:170.95,172.4 1 1
github.com/LexusEgorov/api-calculator/internal/clevercalc/parser.go:174.3,175.40 2 0
github.com/LexusEgorov/api-calculator/internal/clevercalc/parser.go:180.49,182.18 2 1
github.com/LexusEgorov/api-calculator/internal/clevercalc/parser.go:182.18,184.3 1 1
github.com/LexusEgorov/api-calculator/internal/clevercalc/parser.go:186.2,187.11 2 1
github.com/LexusEgorov/api-calculator/internal/clevercalc/parser.go:191.38,193.2 1 1
github.com/LexusEgorov/api-calculator/internal/clevercalc/priority.go:11.30,25.2 9 1
github.com/LexusEgorov/api-calculator/internal/clevercalc/priority.go:27.44,30.14 2 1
github.com/LexusEgorov/api-calculator/internal/clevercalc/priority.go:30.14,32.3 1 1
github.com/LexusEgorov/api-calculator/internal/clevercalc/priority.go:34.2,34.13 1 1
github.com/LexusEgorov/api-calculator/internal/clevercalc/stack.go:14.35,17.2 2 1
github.com/LexusEgorov/api-calculator/internal/clevercalc/stack.go:19.39,20.17 1 1
github.com/LexusEgorov/api-calculator/internal/clevercalc/stack.go:20.17,22.3 1 1
github.com/LexusEgorov/api-calculator/internal/clevercalc/stack.go:24.2,28.17 4 1
github.com/LexusEgorov/api-calculator/internal/clevercalc/stack.go:31.39,32.17 1 1
github.com/LexusEgorov/api-calculator/internal/clevercalc/stack.go:32.17,34.3 1 1
github.com/LexusEgorov/api-calculator/internal/clevercalc/stack.go:36.2,36.30 1 1
github.com/LexusEgorov/api-calculator/internal/clevercalc/stack.go:39.27,41.2 1 1
github.com/LexusEgorov/api-calculator/internal/models/errors.go:13.47,15.2 1 0
github.com/LexusEgorov/api-calculator/internal/models/errors.go:17.39,19.2 1 0
github.com/LexusEgorov/api-calculator/internal/models/errors.go:13.47,15.2 1 0
github.com/LexusEgorov/api-calculator/internal/models/errors.go:17.39,19.2 1 0
github.com/LexusEgorov/api-calculator/internal/storage/cache/cache.go:17.19,26.2 5 1
github.com/LexusEgorov/api-calculator/internal/storage/cache/cache.go:28.84,34.14 4 1
github.com/LexusEgorov/api-calculator/internal/storage/cache/cache.go:34.14,36.3 1 0
github.com/LexusEgorov/api-calculator/internal/storage/cache/cache.go:38.2,40.14 2 1
github.com/LexusEgorov/api-calculator/internal/storage/cache/cache.go:40.14,42.3 1 0
github.com/LexusEgorov/api-calculator/internal/storage/cache/cache.go:44.2,48.8 1 1
github.com/LexusEgorov/api-calculator/internal/storage/cache/cache.go:51.53,57.14 4 1
github.com/LexusEgorov/api-calculator/internal/storage/cache/cache.go:57.14,59.3 1 0
github.com/LexusEgorov/api-calculator/internal/storage/cache/cache.go:61.2,62.12 2 1
github.com/LexusEgorov/api-calculator/internal/models/errors.go:13.47,15.2 1 0
github.com/LexusEgorov/api-calculator/internal/models/errors.go:17.39,19.2 1 0
github.com/LexusEgorov/api-calculator/internal/storage/requests/requestStorage.go:14.28,18.2 1 1
github.com/LexusEgorov/api-calculator/internal/storage/requests/requestStorage.go:20.62,25.21 4 1
github.com/LexusEgorov/api-calculator/internal/storage/requests/requestStorage.go:25.21,27.3 1 0
github.com/LexusEgorov/api-calculator/internal/storage/requests/requestStorage.go:29.2,29.17 1 1
github.com/LexusEgorov/api-calculator/internal/storage/requests/requestStorage.go:32.68,37.2 4 1
